<?xml version="1.0" encoding="UTF-8"?>
<!-- Generated by org.testng.reporters.JUnitReportReporter -->
<testsuite hostname="Dell" failures="0" tests="1" name="Testcase.ParameterMethodXml" time="20.606" errors="0" timestamp="2022-07-18T13:57:59 CDT" skipped="0">
  <testcase classname="Testcase.ParameterMethodXml" name="login" time="20.606"/>
  <system-out/>
</testsuite> <!-- Testcase.ParameterMethodXml -->
