<?xml version="1.0" encoding="UTF-8"?>
<!-- Generated by org.testng.reporters.JUnitReportReporter -->
<testsuite hostname="Dell" failures="0" tests="3" name="Testcase.demo" time="0.103" errors="0" timestamp="2022-07-15T20:37:58 CDT" skipped="0">
  <testcase classname="Testcase.demo" name="login" time="0.016"/>
  <system-out/>
  <testcase classname="Testcase.demo" name="registration" time="0.040"/>
  <system-out/>
  <testcase classname="Testcase.demo" name="registration" time="0.047"/>
  <system-out/>
</testsuite> <!-- Testcase.demo -->
