<?xml version="1.0" encoding="UTF-8"?>
<!-- Generated by org.testng.reporters.JUnitReportReporter -->
<testsuite hostname="Dell" failures="0" tests="2" name="Testcase.DataProviderDemo" time="47.487" errors="0" timestamp="2022-07-18T14:00:35 CDT" skipped="0">
  <testcase classname="Testcase.DataProviderDemo" name="login" time="22.619"/>
  <system-out/>
  <testcase classname="Testcase.DataProviderDemo" name="login" time="24.868"/>
  <system-out/>
</testsuite> <!-- Testcase.DataProviderDemo -->
