<?xml version="1.0" encoding="UTF-8"?>
<!-- Generated by org.testng.reporters.JUnitReportReporter -->
<testsuite hostname="Dell" failures="0" tests="2" name="Testcase.DependsOn" time="0.068" errors="0" timestamp="2022-07-15T16:05:52 CDT" skipped="0">
  <testcase classname="Testcase.DependsOn" name="registration" time="0.058"/>
  <system-out/>
  <testcase classname="Testcase.DependsOn" name="login" time="0.010"/>
  <system-out/>
</testsuite> <!-- Testcase.DependsOn -->
