<?xml version="1.0" encoding="UTF-8"?>
<!-- Generated by org.testng.reporters.JUnitReportReporter -->
<testsuite hostname="Dell" failures="0" tests="5" name="Testcase.TestNGgroupdemo" time="0.057" errors="0" timestamp="2022-07-16T08:03:57 CDT" skipped="0">
  <testcase classname="Testcase.TestNGgroupdemo" name="Test1" time="0.035"/>
  <system-out/>
  <testcase classname="Testcase.TestNGgroupdemo" name="Test4" time="0.004"/>
  <system-out/>
  <testcase classname="Testcase.TestNGgroupdemo" name="Test5" time="0.005"/>
  <system-out/>
  <testcase classname="Testcase.TestNGgroupdemo" name="Test3" time="0.006"/>
  <system-out>
    <![CDATA[Hello welcome to the Test]]>
  </system-out>
  <testcase classname="Testcase.TestNGgroupdemo" name="Test2" time="0.007"/>
  <system-out/>
</testsuite> <!-- Testcase.TestNGgroupdemo -->
