<?xml version="1.0" encoding="UTF-8"?>
<!-- Generated by org.testng.reporters.JUnitReportReporter -->
<testsuite hostname="Dell" failures="0" tests="2" name="Testcase.NewTest" time="62.368" errors="0" timestamp="2022-07-15T22:15:10 CDT" skipped="0">
  <testcase classname="Testcase.NewTest" name="invalid" time="49.604"/>
  <system-out/>
  <testcase classname="Testcase.NewTest" name="valid" time="12.764"/>
  <system-out/>
</testsuite> <!-- Testcase.NewTest -->
