<?xml version="1.0" encoding="UTF-8"?>
<!-- Generated by org.testng.reporters.JUnitReportReporter -->
<testsuite hostname="Dell" failures="0" tests="1" name="Testcase.demo1" time="101.013" errors="0" timestamp="2022-07-14T21:04:30 CDT" skipped="0">
  <testcase classname="Testcase.demo1" name="f" time="101.013"/>
  <system-out/>
</testsuite> <!-- Testcase.demo1 -->
