<?xml version="1.0" encoding="UTF-8"?>
<!-- Generated by org.testng.reporters.JUnitReportReporter -->
<testsuite hostname="Dell" failures="0" tests="5" name="Testcase.TestNGDemo" time="0.060" errors="0" timestamp="2022-07-14T10:38:45 CDT" skipped="0">
  <testcase classname="Testcase.TestNGDemo" name="Test5" time="0.035"/>
  <system-out/>
  <testcase classname="Testcase.TestNGDemo" name="Test2" time="0.007"/>
  <system-out/>
  <testcase classname="Testcase.TestNGDemo" name="Test1" time="0.004"/>
  <system-out/>
  <testcase classname="Testcase.TestNGDemo" name="Test4" time="0.007"/>
  <system-out/>
  <testcase classname="Testcase.TestNGDemo" name="Test3" time="0.007"/>
  <system-out/>
</testsuite> <!-- Testcase.TestNGDemo -->
