<?xml version="1.0" encoding="UTF-8"?>
<!-- Generated by org.testng.reporters.JUnitReportReporter -->
<testsuite hostname="Dell" failures="0" tests="2" name="Testcase.DataPrividerDemo" time="60.598" errors="0" timestamp="2022-07-15T20:27:29 CDT" skipped="0">
  <testcase classname="Testcase.DataPrividerDemo" name="login" time="33.366"/>
  <system-out/>
  <testcase classname="Testcase.DataPrividerDemo" name="login" time="27.232"/>
  <system-out/>
</testsuite> <!-- Testcase.DataPrividerDemo -->
